[28Feb2026 11:49:36.715] [main/INFO] [cpw.mods.modlauncher.Launcher/MODLAUNCHER]: ModLauncher running: args [--launchTarget, forgeclientdev, --version, 21.1.219, --assetIndex, 17, --assetsDir, /home/austin/.gradle/caches/neoformruntime/assets, --gameDir, ., --fml.fmlVersion, 4.0.42, --fml.mcVersion, 1.21.1, --fml.neoForgeVersion, 21.1.219, --fml.neoFormVersion, 20240808.144430]
[28Feb2026 11:49:36.720] [main/INFO] [cpw.mods.modlauncher.Launcher/MODLAUNCHER]: JVM identified as Ubuntu OpenJDK 64-Bit Server VM 21.0.10+7-Ubuntu-124.04
[28Feb2026 11:49:36.724] [main/INFO] [cpw.mods.modlauncher.Launcher/MODLAUNCHER]: ModLauncher 11.0.5+main.901c6ea8 starting: java version 21.0.10 by Ubuntu; OS Linux arch amd64 version 6.17.0-14-generic
[28Feb2026 11:49:36.896] [main/INFO] [net.neoforged.fml.loading.ImmediateWindowHandler/]: Loading ImmediateWindowProvider fmlearlywindow
[28Feb2026 11:49:37.049] [main/INFO] [EARLYDISPLAY/]: Trying GL version 4.6
[28Feb2026 11:49:37.162] [main/INFO] [EARLYDISPLAY/]: Requested GL version 4.6 got version 4.6
[28Feb2026 11:49:37.305] [main/INFO] [mixin/]: SpongePowered MIXIN Subsystem Version=0.8.7 Source=union:/home/austin/.gradle/caches/modules-2/files-2.1/net.fabricmc/sponge-mixin/0.15.2+mixin.0.8.7/2af2f021d8e02a0220dc27a7a72b4666d66d44ca/sponge-mixin-0.15.2+mixin.0.8.7.jar%23126!/ Service=ModLauncher Env=CLIENT
[28Feb2026 11:49:37.412] [pool-2-thread-1/INFO] [EARLYDISPLAY/]: GL info: AMD Radeon Graphics (radeonsi, renoir, ACO, DRM 3.64, 6.17.0-14-generic) GL version 4.6 (Core Profile) Mesa 25.2.8-0ubuntu0.24.04.1, AMD
[28Feb2026 11:49:37.662] [main/INFO] [net.neoforged.fml.loading.moddiscovery.locators.JarInJarDependencyLocator/]: Found 2 dependencies adding them to mods collection
[28Feb2026 11:49:37.664] [main/INFO] [net.neoforged.fml.loading.moddiscovery.ModDiscoverer/]: 
     Mod List:
		Name Version (Mod Id)

		Minecraft 1.21.1 (minecraft)
		NeoForge 21.1.219 (neoforge)
		Peaceful Silverfish 0.1.0 (peacefulsilverfish)
[28Feb2026 11:49:38.507] [main/INFO] [mixin/]: Compatibility level set to JAVA_21
[28Feb2026 11:49:38.520] [main/INFO] [cpw.mods.modlauncher.LaunchServiceHandler/MODLAUNCHER]: Launching target 'forgeclientdev' with arguments [--version, 21.1.219, --gameDir, ., --assetsDir, /home/austin/.gradle/caches/neoformruntime/assets, --assetIndex, 17]
[28Feb2026 11:49:40.020] [Datafixer Bootstrap/INFO] [com.mojang.datafixers.DataFixerBuilder/]: 229 Datafixer optimizations took 232 milliseconds
[28Feb2026 11:49:40.234] [pool-7-thread-1/INFO] [MixinExtras|Service/]: Initializing MixinExtras via com.llamalad7.mixinextras.service.MixinExtrasServiceImpl(version=0.5.0).
[28Feb2026 11:49:46.415] [main/WARN] [net.minecraft.commands.Commands/]: Ambiguity between arguments [teleport, location] and [teleport, destination] with inputs: [0.1 -0.5 .9, 0 0 0]
[28Feb2026 11:49:46.417] [main/WARN] [net.minecraft.commands.Commands/]: Ambiguity between arguments [teleport, location] and [teleport, targets] with inputs: [0.1 -0.5 .9, 0 0 0]
[28Feb2026 11:49:46.424] [main/WARN] [net.minecraft.commands.Commands/]: Ambiguity between arguments [teleport, destination] and [teleport, targets] with inputs: [Player, 0123, @e, dd12be42-52a9-4a91-a8a1-11c01849e498]
[28Feb2026 11:49:46.425] [main/WARN] [net.minecraft.commands.Commands/]: Ambiguity between arguments [teleport, targets] and [teleport, destination] with inputs: [Player, 0123, dd12be42-52a9-4a91-a8a1-11c01849e498]
[28Feb2026 11:49:46.427] [main/WARN] [net.minecraft.commands.Commands/]: Ambiguity between arguments [teleport, targets, location] and [teleport, targets, destination] with inputs: [0.1 -0.5 .9, 0 0 0]
[28Feb2026 11:49:46.537] [Render thread/WARN] [net.minecraft.server.packs.VanillaPackResourcesBuilder/]: Assets URL 'union:/home/austin/dev/PeacefulSilverfish/build/moddev/artifacts/neoforge-21.1.219.jar%23177!/assets/.mcassetsroot' uses unexpected schema
[28Feb2026 11:49:46.538] [Render thread/WARN] [net.minecraft.server.packs.VanillaPackResourcesBuilder/]: Assets URL 'union:/home/austin/dev/PeacefulSilverfish/build/moddev/artifacts/neoforge-21.1.219.jar%23177!/data/.mcassetsroot' uses unexpected schema
[28Feb2026 11:49:46.568] [Render thread/INFO] [com.mojang.authlib.yggdrasil.YggdrasilAuthenticationService/]: Environment: Environment[sessionHost=https://sessionserver.mojang.com, servicesHost=https://api.minecraftservices.com, name=PROD]
[28Feb2026 11:49:46.579] [Render thread/INFO] [net.minecraft.client.Minecraft/]: Setting user: Dev
[28Feb2026 11:49:46.671] [Render thread/INFO] [net.minecraft.client.Minecraft/]: Backend library: LWJGL version 3.3.3+5
[28Feb2026 11:49:47.119] [modloading-worker-0/INFO] [net.neoforged.neoforge.common.NeoForgeMod/NEOFORGE-MOD]: NeoForge mod loading, version 21.1.219, for MC 1.21.1
[28Feb2026 11:49:47.715] [Render thread/INFO] [net.neoforged.neoforge.gametest.GameTestHooks/]: Enabled Gametest Namespaces: [peacefulsilverfish]
[28Feb2026 11:49:47.847] [Render thread/INFO] [net.minecraft.server.packs.resources.ReloadableResourceManager/]: Reloading ResourceManager: vanilla, mod_resources, mod/peacefulsilverfish, mod/neoforge
[28Feb2026 11:49:47.856] [Worker-Main-1/INFO] [com.austin.silverfish.PeacefulSilverfishMod/]: HELLO FROM COMMON SETUP
[28Feb2026 11:49:47.856] [Worker-Main-1/INFO] [com.austin.silverfish.PeacefulSilverfishMod/]: DIRT BLOCK >> minecraft:dirt
[28Feb2026 11:49:47.857] [Worker-Main-1/INFO] [com.austin.silverfish.PeacefulSilverfishMod/]: The magic number is... 42
[28Feb2026 11:49:47.857] [Worker-Main-1/INFO] [com.austin.silverfish.PeacefulSilverfishMod/]: ITEM >> minecraft:iron_ingot
[28Feb2026 11:49:47.963] [Worker-Main-14/INFO] [net.minecraft.client.gui.font.providers.UnihexProvider/]: Found unifont_all_no_pua-15.1.05.hex, loading
[28Feb2026 11:49:48.013] [Worker-Main-15/INFO] [com.austin.silverfish.PeacefulSilverfishMod/]: HELLO FROM CLIENT SETUP
[28Feb2026 11:49:48.014] [Worker-Main-15/INFO] [com.austin.silverfish.PeacefulSilverfishMod/]: MINECRAFT NAME >> Dev
[28Feb2026 11:49:48.024] [Worker-Main-12/INFO] [net.minecraft.client.gui.font.providers.UnihexProvider/]: Found unifont_jp_patch-15.1.05.hex, loading
[28Feb2026 11:49:48.690] [Worker-Main-6/WARN] [net.minecraft.client.resources.model.BlockStateModelLoader/]: Exception loading blockstate definition: 'peacefulsilverfish:blockstates/example_block.json' missing model for variant: 'peacefulsilverfish:example_block#'
[28Feb2026 11:49:48.692] [Worker-Main-6/WARN] [net.minecraft.client.resources.model.ModelBakery/]: Unable to load model: 'peacefulsilverfish:item/example_item' referenced from: peacefulsilverfish:item/example_item: java.io.FileNotFoundException: peacefulsilverfish:models/item/example_item.json
[28Feb2026 11:49:48.695] [Worker-Main-6/WARN] [net.minecraft.client.resources.model.ModelBakery/]: Unable to load model: 'peacefulsilverfish:item/example_block' referenced from: peacefulsilverfish:item/example_block: java.io.FileNotFoundException: peacefulsilverfish:models/item/example_block.json
[28Feb2026 11:49:49.409] [Render thread/WARN] [net.minecraft.client.sounds.SoundEngine/]: Missing sound for event: minecraft:item.goat_horn.play
[28Feb2026 11:49:49.409] [Render thread/WARN] [net.minecraft.client.sounds.SoundEngine/]: Missing sound for event: minecraft:entity.goat.screaming.horn_break
[28Feb2026 11:49:49.534] [Render thread/INFO] [com.mojang.blaze3d.audio.Library/]: OpenAL initialized on device Family 17h/19h HD Audio Controller Analog Stereo
[28Feb2026 11:49:49.535] [Render thread/INFO] [net.minecraft.client.sounds.SoundEngine/SOUNDS]: Sound engine started
[28Feb2026 11:49:49.629] [Render thread/INFO] [net.minecraft.client.renderer.texture.TextureAtlas/]: Created: 1024x512x4 minecraft:textures/atlas/blocks.png-atlas
[28Feb2026 11:49:49.673] [Render thread/INFO] [net.minecraft.client.renderer.texture.TextureAtlas/]: Created: 256x256x4 minecraft:textures/atlas/signs.png-atlas
[28Feb2026 11:49:49.674] [Render thread/INFO] [net.minecraft.client.renderer.texture.TextureAtlas/]: Created: 512x512x4 minecraft:textures/atlas/shield_patterns.png-atlas
[28Feb2026 11:49:49.675] [Render thread/INFO] [net.minecraft.client.renderer.texture.TextureAtlas/]: Created: 512x512x4 minecraft:textures/atlas/banner_patterns.png-atlas
[28Feb2026 11:49:49.678] [Render thread/INFO] [net.minecraft.client.renderer.texture.TextureAtlas/]: Created: 1024x1024x4 minecraft:textures/atlas/armor_trims.png-atlas
[28Feb2026 11:49:49.691] [Render thread/INFO] [net.minecraft.client.renderer.texture.TextureAtlas/]: Created: 256x256x4 minecraft:textures/atlas/chest.png-atlas
[28Feb2026 11:49:49.691] [Render thread/INFO] [net.minecraft.client.renderer.texture.TextureAtlas/]: Created: 128x64x4 minecraft:textures/atlas/decorated_pot.png-atlas
[28Feb2026 11:49:49.691] [Render thread/INFO] [net.minecraft.client.renderer.texture.TextureAtlas/]: Created: 512x256x4 minecraft:textures/atlas/beds.png-atlas
[28Feb2026 11:49:49.692] [Render thread/INFO] [net.minecraft.client.renderer.texture.TextureAtlas/]: Created: 512x256x4 minecraft:textures/atlas/shulker_boxes.png-atlas
[28Feb2026 11:49:49.856] [Render thread/INFO] [net.minecraft.client.renderer.texture.TextureAtlas/]: Created: 512x256x0 minecraft:textures/atlas/particles.png-atlas
[28Feb2026 11:49:49.858] [Render thread/INFO] [net.minecraft.client.renderer.texture.TextureAtlas/]: Created: 512x256x0 minecraft:textures/atlas/paintings.png-atlas
[28Feb2026 11:49:49.859] [Render thread/INFO] [net.minecraft.client.renderer.texture.TextureAtlas/]: Created: 256x128x0 minecraft:textures/atlas/mob_effects.png-atlas
[28Feb2026 11:49:49.860] [Render thread/INFO] [net.minecraft.client.renderer.texture.TextureAtlas/]: Created: 64x64x0 minecraft:textures/atlas/map_decorations.png-atlas
[28Feb2026 11:49:49.860] [Render thread/INFO] [net.minecraft.client.renderer.texture.TextureAtlas/]: Created: 1024x512x0 minecraft:textures/atlas/gui.png-atlas
[28Feb2026 11:49:49.885] [Render thread/WARN] [net.minecraft.client.renderer.ShaderInstance/]: Shader rendertype_entity_translucent_emissive could not find sampler named Sampler2 in the specified shader program.
[28Feb2026 11:49:49.927] [Render thread/INFO] [net.neoforged.neoforge.client.entity.animation.json.AnimationLoader/]: Loaded 0 entity animations
[28Feb2026 11:50:22.492] [Render thread/INFO] [net.minecraft.world.item.crafting.RecipeManager/]: Loaded 1290 recipes
[28Feb2026 11:50:22.929] [Render thread/INFO] [net.minecraft.advancements.AdvancementTree/]: Loaded 1399 advancements
[28Feb2026 11:50:24.297] [Server thread/INFO] [net.minecraft.client.server.IntegratedServer/]: Starting integrated minecraft server version 1.21.1
[28Feb2026 11:50:24.298] [Server thread/INFO] [net.minecraft.server.MinecraftServer/]: Generating keypair
[28Feb2026 11:50:26.235] [Server thread/INFO] [net.minecraft.server.MinecraftServer/]: Preparing start region for dimension minecraft:overworld
[28Feb2026 11:50:26.807] [progressListener/INFO] [net.minecraft.server.level.progress.LoggerChunkProgressListener/]: Preparing spawn area: 0%
[28Feb2026 11:50:26.807] [progressListener/INFO] [net.minecraft.server.level.progress.LoggerChunkProgressListener/]: Preparing spawn area: 0%
[28Feb2026 11:50:27.363] [Server thread/INFO] [net.neoforged.neoforge.server.permission.PermissionAPI/]: Successfully initialized permission handler neoforge:default_handler
[28Feb2026 11:50:27.363] [Server thread/INFO] [com.austin.silverfish.PeacefulSilverfishMod/]: HELLO from server starting
[28Feb2026 11:50:27.372] [progressListener/INFO] [net.minecraft.server.level.progress.LoggerChunkProgressListener/]: Time elapsed: 1128 ms
[28Feb2026 11:50:27.506] [Server thread/INFO] [net.minecraft.client.server.IntegratedServer/]: Changing view distance to 12, from 10
[28Feb2026 11:50:27.507] [Server thread/INFO] [net.minecraft.client.server.IntegratedServer/]: Changing simulation distance to 12, from 0
[28Feb2026 11:50:28.701] [Server thread/INFO] [net.minecraft.server.players.PlayerList/]: Dev[local:E:63c63334] logged in with entity id 60 at (409.9808748004137, 77.0, -186.2712900839179)
[28Feb2026 11:50:28.781] [Server thread/INFO] [net.minecraft.server.MinecraftServer/]: Dev joined the game
[28Feb2026 11:50:29.446] [Render thread/INFO] [net.minecraft.advancements.AdvancementTree/]: Loaded 11 advancements
[28Feb2026 11:51:06.044] [Server thread/INFO] [net.minecraft.server.MinecraftServer/]: Dev has made the advancement [Stone Age]
[28Feb2026 11:51:06.072] [Render thread/INFO] [net.minecraft.client.gui.components.ChatComponent/]: [System] [CHAT] Dev has made the advancement [Stone Age]
[28Feb2026 11:51:06.111] [Render thread/INFO] [net.minecraft.advancements.AdvancementTree/]: Loaded 29 advancements
[28Feb2026 11:51:08.866] [Server thread/INFO] [net.minecraft.client.server.IntegratedServer/]: Saving and pausing game...
[28Feb2026 11:51:08.930] [Server thread/INFO] [net.minecraft.server.MinecraftServer/]: Saving chunks for level 'ServerLevel[Test World]'/minecraft:overworld
[28Feb2026 11:51:08.970] [Server thread/INFO] [net.minecraft.server.MinecraftServer/]: Saving chunks for level 'ServerLevel[Test World]'/minecraft:the_end
[28Feb2026 11:51:08.971] [Server thread/INFO] [net.minecraft.server.MinecraftServer/]: Saving chunks for level 'ServerLevel[Test World]'/minecraft:the_nether
[28Feb2026 11:51:09.840] [Server thread/INFO] [net.minecraft.server.network.ServerGamePacketListenerImpl/]: Dev lost connection: Disconnected
[28Feb2026 11:51:09.842] [Server thread/INFO] [net.minecraft.server.MinecraftServer/]: Dev left the game
[28Feb2026 11:51:09.863] [Server thread/INFO] [net.minecraft.server.network.ServerCommonPacketListenerImpl/]: Stopping singleplayer server as player logged out
[28Feb2026 11:51:09.923] [Server thread/INFO] [net.minecraft.server.MinecraftServer/]: Stopping server
[28Feb2026 11:51:09.925] [Server thread/INFO] [net.minecraft.server.MinecraftServer/]: Saving players
[28Feb2026 11:51:09.926] [Server thread/INFO] [net.minecraft.server.MinecraftServer/]: Saving worlds
[28Feb2026 11:51:10.576] [Server thread/INFO] [net.minecraft.server.MinecraftServer/]: Saving chunks for level 'ServerLevel[Test World]'/minecraft:overworld
[28Feb2026 11:51:10.657] [Server thread/INFO] [net.minecraft.server.MinecraftServer/]: Saving chunks for level 'ServerLevel[Test World]'/minecraft:the_end
[28Feb2026 11:51:10.661] [Server thread/INFO] [net.minecraft.server.MinecraftServer/]: Saving chunks for level 'ServerLevel[Test World]'/minecraft:the_nether
[28Feb2026 11:51:10.670] [Server thread/INFO] [net.minecraft.server.MinecraftServer/]: ThreadedAnvilChunkStorage (Test World): All chunks are saved
[28Feb2026 11:51:10.671] [Server thread/INFO] [net.minecraft.server.MinecraftServer/]: ThreadedAnvilChunkStorage (DIM1): All chunks are saved
[28Feb2026 11:51:10.672] [Server thread/INFO] [net.minecraft.server.MinecraftServer/]: ThreadedAnvilChunkStorage (DIM-1): All chunks are saved
[28Feb2026 11:51:10.672] [Server thread/INFO] [net.minecraft.server.MinecraftServer/]: ThreadedAnvilChunkStorage: All dimensions are saved
[28Feb2026 11:51:11.702] [Render thread/INFO] [net.minecraft.client.Minecraft/]: Stopping!
